<?xml version="1.0" encoding="utf-8"?><testsuites><testsuite errors="0" failures="0" hostname="arthur" name="pytest" skipped="0" tests="19" time="41.598" timestamp="2021-11-15T15:47:16.715454"><testcase classname="tests.test_basic_example" name="test_basic_example" time="2.074" /><testcase classname="tests.test_basic_example" name="test_dryrun_example" time="2.053" /><testcase classname="tests.test_basic_example" name="test_run_sync" time="2.149" /><testcase classname="tests.test_basic_example" name="test_run_reflection" time="2.036" /><testcase classname="tests.test_basic_example" name="test_run_capture" time="2.069" /><testcase classname="tests.test_basic_example" name="test_fixture_reset" time="2.003" /><testcase classname="tests.test_basic_example" name="test_badlog" time="2.186" /><testcase classname="tests.test_basic_example" name="test_release_mode_validation" time="0.026" /><testcase classname="tests.test_basic_example" name="test_multiple_repo_paths_option" time="1.080" /><testcase classname="tests.test_basic_example" name="test_multiple_repo_paths_multiple_options" time="1.072" /><testcase classname="tests.test_basic_example" name="test_multiple_repo_paths_env" time="2.079" /><testcase classname="tests.test_basic_example" name="test_import" time="2.440" /><testcase classname="tests.test_basic_example" name="test_project_no_plugins" time="2.248" /><testcase classname="tests.test_basic_example_v2" name="test_basic_example" time="10.698" /><testcase classname="tests.test_basic_example_v2" name="test_basic_example_no_install" time="0.058" /><testcase classname="tests.test_handlers" name="test_resource" time="2.907" /><testcase classname="tests.test_handlers" name="test_dryrun" time="2.273" /><testcase classname="tests.test_options" name="test_module_in_place" time="2.058" /><testcase classname="tests.test_options" name="test_not_existing_venv_option" time="0.059" /></testsuite></testsuites>